mode: atomic
github.com/billiford/go-clouddriver/pkg/http/v0/credential.go:48.38,73.2 4 1
github.com/billiford/go-clouddriver/pkg/http/v0/kubernetes.go:21.49,28.16 6 7
github.com/billiford/go-clouddriver/pkg/http/v0/kubernetes.go:34.2,37.16 3 6
github.com/billiford/go-clouddriver/pkg/http/v0/kubernetes.go:42.2,43.16 2 5
github.com/billiford/go-clouddriver/pkg/http/v0/kubernetes.go:48.2,56.45 2 4
github.com/billiford/go-clouddriver/pkg/http/v0/kubernetes.go:61.2,61.26 1 3
github.com/billiford/go-clouddriver/pkg/http/v0/kubernetes.go:95.2,99.27 2 1
github.com/billiford/go-clouddriver/pkg/http/v0/kubernetes.go:28.16,31.3 2 1
github.com/billiford/go-clouddriver/pkg/http/v0/kubernetes.go:37.16,40.3 2 1
github.com/billiford/go-clouddriver/pkg/http/v0/kubernetes.go:43.16,46.3 2 1
github.com/billiford/go-clouddriver/pkg/http/v0/kubernetes.go:56.45,59.3 2 1
github.com/billiford/go-clouddriver/pkg/http/v0/kubernetes.go:61.26,62.57 1 3
github.com/billiford/go-clouddriver/pkg/http/v0/kubernetes.go:62.57,64.18 2 3
github.com/billiford/go-clouddriver/pkg/http/v0/kubernetes.go:69.4,70.18 2 3
github.com/billiford/go-clouddriver/pkg/http/v0/kubernetes.go:75.4,88.18 3 2
github.com/billiford/go-clouddriver/pkg/http/v0/kubernetes.go:64.18,67.5 2 0
github.com/billiford/go-clouddriver/pkg/http/v0/kubernetes.go:70.18,73.5 2 1
github.com/billiford/go-clouddriver/pkg/http/v0/kubernetes.go:88.18,91.5 2 1
github.com/billiford/go-clouddriver/pkg/http/v0/kubernetes.go:102.34,113.16 10 5
github.com/billiford/go-clouddriver/pkg/http/v0/kubernetes.go:118.2,119.16 2 4
github.com/billiford/go-clouddriver/pkg/http/v0/kubernetes.go:124.2,132.45 2 3
github.com/billiford/go-clouddriver/pkg/http/v0/kubernetes.go:137.2,138.16 2 2
github.com/billiford/go-clouddriver/pkg/http/v0/kubernetes.go:143.2,164.31 2 1
github.com/billiford/go-clouddriver/pkg/http/v0/kubernetes.go:173.2,173.28 1 1
github.com/billiford/go-clouddriver/pkg/http/v0/kubernetes.go:113.16,116.3 2 1
github.com/billiford/go-clouddriver/pkg/http/v0/kubernetes.go:119.16,122.3 2 1
github.com/billiford/go-clouddriver/pkg/http/v0/kubernetes.go:132.45,135.3 2 1
github.com/billiford/go-clouddriver/pkg/http/v0/kubernetes.go:138.16,141.3 2 1
github.com/billiford/go-clouddriver/pkg/http/v0/kubernetes.go:165.13,166.41 1 1
github.com/billiford/go-clouddriver/pkg/http/v0/kubernetes.go:167.20,168.48 1 0
github.com/billiford/go-clouddriver/pkg/http/v0/kubernetes.go:169.10,170.38 1 0
github.com/billiford/go-clouddriver/pkg/http/v0/ok.go:5.24,5.25 0 1
github.com/billiford/go-clouddriver/pkg/http/v0/task.go:20.13,22.23 2 1
github.com/billiford/go-clouddriver/pkg/http/v0/task.go:22.23,24.3 1 1
github.com/billiford/go-clouddriver/pkg/http/v0/task.go:28.30,35.16 6 6
github.com/billiford/go-clouddriver/pkg/http/v0/task.go:40.2,42.24 2 5
github.com/billiford/go-clouddriver/pkg/http/v0/task.go:46.2,47.16 2 5
github.com/billiford/go-clouddriver/pkg/http/v0/task.go:52.2,53.16 2 4
github.com/billiford/go-clouddriver/pkg/http/v0/task.go:58.2,66.45 2 3
github.com/billiford/go-clouddriver/pkg/http/v0/task.go:71.2,71.30 1 2
github.com/billiford/go-clouddriver/pkg/http/v0/task.go:81.2,101.27 3 1
github.com/billiford/go-clouddriver/pkg/http/v0/task.go:35.16,38.3 2 1
github.com/billiford/go-clouddriver/pkg/http/v0/task.go:42.24,44.3 1 5
github.com/billiford/go-clouddriver/pkg/http/v0/task.go:47.16,50.3 2 1
github.com/billiford/go-clouddriver/pkg/http/v0/task.go:53.16,56.3 2 1
github.com/billiford/go-clouddriver/pkg/http/v0/task.go:66.45,69.3 2 1
github.com/billiford/go-clouddriver/pkg/http/v0/task.go:71.30,73.17 2 2
github.com/billiford/go-clouddriver/pkg/http/v0/task.go:78.3,78.47 1 1
github.com/billiford/go-clouddriver/pkg/http/v0/task.go:73.17,76.4 2 1
github.com/billiford/go-clouddriver/pkg/http/v0/task.go:104.91,107.37 2 1
github.com/billiford/go-clouddriver/pkg/http/v0/task.go:122.2,122.12 1 1
github.com/billiford/go-clouddriver/pkg/http/v0/task.go:107.37,120.3 2 1
github.com/billiford/go-clouddriver/pkg/http/v0/task.go:125.88,128.37 2 1
github.com/billiford/go-clouddriver/pkg/http/v0/task.go:138.2,138.10 1 1
github.com/billiford/go-clouddriver/pkg/http/v0/task.go:128.37,129.42 1 1
github.com/billiford/go-clouddriver/pkg/http/v0/task.go:133.3,135.28 3 1
github.com/billiford/go-clouddriver/pkg/http/v0/task.go:129.42,131.4 1 1
github.com/billiford/go-clouddriver/pkg/http/v0/task.go:141.97,144.37 2 1
github.com/billiford/go-clouddriver/pkg/http/v0/task.go:154.2,154.10 1 1
github.com/billiford/go-clouddriver/pkg/http/v0/task.go:144.37,145.42 1 1
github.com/billiford/go-clouddriver/pkg/http/v0/task.go:149.3,151.28 3 1
github.com/billiford/go-clouddriver/pkg/http/v0/task.go:145.42,147.4 1 1
