mode: atomic
github.com/billiford/go-clouddriver/pkg/http/v0/ok.go:5.24,5.25 0 0
github.com/billiford/go-clouddriver/pkg/http/v0/task.go:9.30,78.2 1 0
github.com/billiford/go-clouddriver/pkg/http/v0/credential.go:48.38,73.2 4 0
github.com/billiford/go-clouddriver/pkg/http/v0/kubernetes.go:28.49,33.16 4 0
github.com/billiford/go-clouddriver/pkg/http/v0/kubernetes.go:38.2,38.26 1 0
github.com/billiford/go-clouddriver/pkg/http/v0/kubernetes.go:123.2,127.27 2 0
github.com/billiford/go-clouddriver/pkg/http/v0/kubernetes.go:33.16,36.3 2 0
github.com/billiford/go-clouddriver/pkg/http/v0/kubernetes.go:38.26,39.57 1 0
github.com/billiford/go-clouddriver/pkg/http/v0/kubernetes.go:39.57,41.18 2 0
github.com/billiford/go-clouddriver/pkg/http/v0/kubernetes.go:46.4,47.18 2 0
github.com/billiford/go-clouddriver/pkg/http/v0/kubernetes.go:53.4,54.18 2 0
github.com/billiford/go-clouddriver/pkg/http/v0/kubernetes.go:59.4,64.18 3 0
github.com/billiford/go-clouddriver/pkg/http/v0/kubernetes.go:69.4,70.18 2 0
github.com/billiford/go-clouddriver/pkg/http/v0/kubernetes.go:75.4,79.18 4 0
github.com/billiford/go-clouddriver/pkg/http/v0/kubernetes.go:84.4,85.18 2 0
github.com/billiford/go-clouddriver/pkg/http/v0/kubernetes.go:90.4,94.18 2 0
github.com/billiford/go-clouddriver/pkg/http/v0/kubernetes.go:41.18,44.5 2 0
github.com/billiford/go-clouddriver/pkg/http/v0/kubernetes.go:47.18,50.5 2 0
github.com/billiford/go-clouddriver/pkg/http/v0/kubernetes.go:54.18,57.5 2 0
github.com/billiford/go-clouddriver/pkg/http/v0/kubernetes.go:64.18,67.5 2 0
github.com/billiford/go-clouddriver/pkg/http/v0/kubernetes.go:70.18,73.5 2 0
github.com/billiford/go-clouddriver/pkg/http/v0/kubernetes.go:79.18,82.5 2 0
github.com/billiford/go-clouddriver/pkg/http/v0/kubernetes.go:85.18,88.5 2 0
github.com/billiford/go-clouddriver/pkg/http/v0/kubernetes.go:94.18,99.19 2 0
github.com/billiford/go-clouddriver/pkg/http/v0/kubernetes.go:99.19,100.16 1 0
github.com/billiford/go-clouddriver/pkg/http/v0/kubernetes.go:102.10,107.19 2 0
github.com/billiford/go-clouddriver/pkg/http/v0/kubernetes.go:107.19,108.16 1 0
github.com/billiford/go-clouddriver/pkg/http/v0/kubernetes.go:130.34,141.16 9 0
github.com/billiford/go-clouddriver/pkg/http/v0/kubernetes.go:146.2,147.16 2 0
github.com/billiford/go-clouddriver/pkg/http/v0/kubernetes.go:152.2,154.16 3 0
github.com/billiford/go-clouddriver/pkg/http/v0/kubernetes.go:159.2,160.16 2 0
github.com/billiford/go-clouddriver/pkg/http/v0/kubernetes.go:165.2,170.16 2 0
github.com/billiford/go-clouddriver/pkg/http/v0/kubernetes.go:176.2,210.47 2 0
github.com/billiford/go-clouddriver/pkg/http/v0/kubernetes.go:234.2,234.28 1 0
github.com/billiford/go-clouddriver/pkg/http/v0/kubernetes.go:141.16,144.3 2 0
github.com/billiford/go-clouddriver/pkg/http/v0/kubernetes.go:147.16,150.3 2 0
github.com/billiford/go-clouddriver/pkg/http/v0/kubernetes.go:154.16,157.3 2 0
github.com/billiford/go-clouddriver/pkg/http/v0/kubernetes.go:160.16,163.3 2 0
github.com/billiford/go-clouddriver/pkg/http/v0/kubernetes.go:170.16,174.3 3 0
github.com/billiford/go-clouddriver/pkg/http/v0/kubernetes.go:211.13,218.17 3 0
github.com/billiford/go-clouddriver/pkg/http/v0/kubernetes.go:222.3,224.51 1 0
github.com/billiford/go-clouddriver/pkg/http/v0/kubernetes.go:230.10,231.46 1 0
github.com/billiford/go-clouddriver/pkg/http/v0/kubernetes.go:218.17,221.4 2 0
github.com/billiford/go-clouddriver/pkg/http/v0/kubernetes.go:224.51,229.4 4 0
github.com/billiford/go-clouddriver/pkg/http/v0/kubernetes.go:238.89,241.16 2 0
github.com/billiford/go-clouddriver/pkg/http/v0/kubernetes.go:245.2,247.57 2 0
github.com/billiford/go-clouddriver/pkg/http/v0/kubernetes.go:241.16,243.3 1 0
