mode: atomic
github.com/billiford/go-clouddriver/pkg/sql/sql.go:33.36,35.2 1 8
github.com/billiford/go-clouddriver/pkg/sql/sql.go:46.71,48.16 2 9
github.com/billiford/go-clouddriver/pkg/sql/sql.go:52.2,62.16 6 8
github.com/billiford/go-clouddriver/pkg/sql/sql.go:48.16,50.3 1 1
github.com/billiford/go-clouddriver/pkg/sql/sql.go:65.72,68.2 2 1
github.com/billiford/go-clouddriver/pkg/sql/sql.go:70.82,75.2 3 1
github.com/billiford/go-clouddriver/pkg/sql/sql.go:77.72,80.2 2 1
github.com/billiford/go-clouddriver/pkg/sql/sql.go:82.88,87.2 3 1
github.com/billiford/go-clouddriver/pkg/sql/sql.go:89.38,91.2 1 1
github.com/billiford/go-clouddriver/pkg/sql/sql.go:101.34,102.88 1 2
github.com/billiford/go-clouddriver/pkg/sql/sql.go:106.2,107.56 1 1
github.com/billiford/go-clouddriver/pkg/sql/sql.go:102.88,104.3 1 1
